C:\Users\Danino\source\repos\XO_Project\XO_Project\app.js
C:\Users\Danino\source\repos\XO_Project\XO_Project\app.js.map
C:\Users\Danino\source\repos\XO_Project\XO_Project\gameArray.js
C:\Users\Danino\source\repos\XO_Project\XO_Project\gameArray.js.map
C:\Users\Danino\source\repos\XO_Project\XO_Project\Iplay.js
C:\Users\Danino\source\repos\XO_Project\XO_Project\Iplay.js.map
C:\Users\Danino\source\repos\XO_Project\XO_Project\computer.js
C:\Users\Danino\source\repos\XO_Project\XO_Project\computer.js.map
C:\Users\Danino\source\repos\XO_Project\XO_Project\player.js
C:\Users\Danino\source\repos\XO_Project\XO_Project\player.js.map
C:\Users\Danino\source\repos\XO_Project\XO_Project\app.js
C:\Users\Danino\source\repos\XO_Project\XO_Project\app.js.map
C:\Users\Danino\source\repos\XO_Project\XO_Project\gameArray.js
C:\Users\Danino\source\repos\XO_Project\XO_Project\gameArray.js.map
C:\Users\Danino\source\repos\XO_Project\XO_Project\Iplay.js
C:\Users\Danino\source\repos\XO_Project\XO_Project\Iplay.js.map
C:\Users\Danino\source\repos\XO_Project\XO_Project\computer.js
C:\Users\Danino\source\repos\XO_Project\XO_Project\computer.js.map
C:\Users\Danino\source\repos\XO_Project\XO_Project\player.js
C:\Users\Danino\source\repos\XO_Project\XO_Project\player.js.map
C:\Users\Danino\source\repos\XO_Project\XO_Project\app.js
C:\Users\Danino\source\repos\XO_Project\XO_Project\app.js.map
C:\Users\Danino\source\repos\XO_Project\XO_Project\gameArray.js
C:\Users\Danino\source\repos\XO_Project\XO_Project\gameArray.js.map
C:\Users\Danino\source\repos\XO_Project\XO_Project\Iplay.js
C:\Users\Danino\source\repos\XO_Project\XO_Project\Iplay.js.map
C:\Users\Danino\source\repos\XO_Project\XO_Project\computer.js
C:\Users\Danino\source\repos\XO_Project\XO_Project\computer.js.map
C:\Users\Danino\source\repos\XO_Project\XO_Project\player.js
C:\Users\Danino\source\repos\XO_Project\XO_Project\player.js.map
C:\Users\Danino\source\repos\XO_Project\XO_Project\app.js
C:\Users\Danino\source\repos\XO_Project\XO_Project\app.js.map
C:\Users\Danino\source\repos\XO_Project\XO_Project\gameArray.js
C:\Users\Danino\source\repos\XO_Project\XO_Project\gameArray.js.map
C:\Users\Danino\source\repos\XO_Project\XO_Project\Iplay.js
C:\Users\Danino\source\repos\XO_Project\XO_Project\Iplay.js.map
C:\Users\Danino\source\repos\XO_Project\XO_Project\computer.js
C:\Users\Danino\source\repos\XO_Project\XO_Project\computer.js.map
C:\Users\Danino\source\repos\XO_Project\XO_Project\player.js
C:\Users\Danino\source\repos\XO_Project\XO_Project\player.js.map
C:\Users\Danino\source\repos\XO_Project\XO_Project\app.js
C:\Users\Danino\source\repos\XO_Project\XO_Project\app.js.map
C:\Users\Danino\source\repos\XO_Project\XO_Project\gameArray.js
C:\Users\Danino\source\repos\XO_Project\XO_Project\gameArray.js.map
C:\Users\Danino\source\repos\XO_Project\XO_Project\Iplay.js
C:\Users\Danino\source\repos\XO_Project\XO_Project\Iplay.js.map
C:\Users\Danino\source\repos\XO_Project\XO_Project\computer.js
C:\Users\Danino\source\repos\XO_Project\XO_Project\computer.js.map
C:\Users\Danino\source\repos\XO_Project\XO_Project\player.js
C:\Users\Danino\source\repos\XO_Project\XO_Project\player.js.map
C:\Users\Danino\source\repos\XO_Project\XO_Project\app.js
C:\Users\Danino\source\repos\XO_Project\XO_Project\app.js.map
C:\Users\Danino\source\repos\XO_Project\XO_Project\gameArray.js
C:\Users\Danino\source\repos\XO_Project\XO_Project\gameArray.js.map
C:\Users\Danino\source\repos\XO_Project\XO_Project\Iplay.js
C:\Users\Danino\source\repos\XO_Project\XO_Project\Iplay.js.map
C:\Users\Danino\source\repos\XO_Project\XO_Project\computer.js
C:\Users\Danino\source\repos\XO_Project\XO_Project\computer.js.map
C:\Users\Danino\source\repos\XO_Project\XO_Project\player.js
C:\Users\Danino\source\repos\XO_Project\XO_Project\player.js.map
C:\Users\Danino\source\repos\XO_Project\XO_Project\app.js
C:\Users\Danino\source\repos\XO_Project\XO_Project\app.js.map
C:\Users\Danino\source\repos\XO_Project\XO_Project\gameArray.js
C:\Users\Danino\source\repos\XO_Project\XO_Project\gameArray.js.map
C:\Users\Danino\source\repos\XO_Project\XO_Project\Iplay.js
C:\Users\Danino\source\repos\XO_Project\XO_Project\Iplay.js.map
C:\Users\Danino\source\repos\XO_Project\XO_Project\computer.js
C:\Users\Danino\source\repos\XO_Project\XO_Project\computer.js.map
C:\Users\Danino\source\repos\XO_Project\XO_Project\player.js
C:\Users\Danino\source\repos\XO_Project\XO_Project\player.js.map
C:\Users\Danino\source\repos\XO_Project\XO_Project\app.js
C:\Users\Danino\source\repos\XO_Project\XO_Project\app.js.map
C:\Users\Danino\source\repos\XO_Project\XO_Project\gameArray.js
C:\Users\Danino\source\repos\XO_Project\XO_Project\gameArray.js.map
C:\Users\Danino\source\repos\XO_Project\XO_Project\Iplay.js
C:\Users\Danino\source\repos\XO_Project\XO_Project\Iplay.js.map
C:\Users\Danino\source\repos\XO_Project\XO_Project\computer.js
C:\Users\Danino\source\repos\XO_Project\XO_Project\computer.js.map
C:\Users\Danino\source\repos\XO_Project\XO_Project\player.js
C:\Users\Danino\source\repos\XO_Project\XO_Project\player.js.map
C:\Users\Danino\source\repos\XO_Project\XO_Project\app.js
C:\Users\Danino\source\repos\XO_Project\XO_Project\app.js.map
C:\Users\Danino\source\repos\XO_Project\XO_Project\gameArray.js
C:\Users\Danino\source\repos\XO_Project\XO_Project\gameArray.js.map
C:\Users\Danino\source\repos\XO_Project\XO_Project\Iplay.js
C:\Users\Danino\source\repos\XO_Project\XO_Project\Iplay.js.map
C:\Users\Danino\source\repos\XO_Project\XO_Project\computer.js
C:\Users\Danino\source\repos\XO_Project\XO_Project\computer.js.map
C:\Users\Danino\source\repos\XO_Project\XO_Project\player.js
C:\Users\Danino\source\repos\XO_Project\XO_Project\player.js.map
C:\Users\Danino\source\repos\XO_Project\XO_Project\app.js
C:\Users\Danino\source\repos\XO_Project\XO_Project\app.js.map
C:\Users\Danino\source\repos\XO_Project\XO_Project\gameArray.js
C:\Users\Danino\source\repos\XO_Project\XO_Project\gameArray.js.map
C:\Users\Danino\source\repos\XO_Project\XO_Project\Iplay.js
C:\Users\Danino\source\repos\XO_Project\XO_Project\Iplay.js.map
C:\Users\Danino\source\repos\XO_Project\XO_Project\computer.js
C:\Users\Danino\source\repos\XO_Project\XO_Project\computer.js.map
C:\Users\Danino\source\repos\XO_Project\XO_Project\player.js
C:\Users\Danino\source\repos\XO_Project\XO_Project\player.js.map
C:\Users\Danino\source\repos\XO_Project\XO_Project\app.js
C:\Users\Danino\source\repos\XO_Project\XO_Project\app.js.map
C:\Users\Danino\source\repos\XO_Project\XO_Project\gameArray.js
C:\Users\Danino\source\repos\XO_Project\XO_Project\gameArray.js.map
C:\Users\Danino\source\repos\XO_Project\XO_Project\Iplay.js
C:\Users\Danino\source\repos\XO_Project\XO_Project\Iplay.js.map
C:\Users\Danino\source\repos\XO_Project\XO_Project\computer.js
C:\Users\Danino\source\repos\XO_Project\XO_Project\computer.js.map
C:\Users\Danino\source\repos\XO_Project\XO_Project\player.js
C:\Users\Danino\source\repos\XO_Project\XO_Project\player.js.map
C:\Users\Danino\source\repos\XO_Project\XO_Project\app.js
C:\Users\Danino\source\repos\XO_Project\XO_Project\app.js.map
C:\Users\Danino\source\repos\XO_Project\XO_Project\gameArray.js
C:\Users\Danino\source\repos\XO_Project\XO_Project\gameArray.js.map
C:\Users\Danino\source\repos\XO_Project\XO_Project\Iplay.js
C:\Users\Danino\source\repos\XO_Project\XO_Project\Iplay.js.map
C:\Users\Danino\source\repos\XO_Project\XO_Project\computer.js
C:\Users\Danino\source\repos\XO_Project\XO_Project\computer.js.map
C:\Users\Danino\source\repos\XO_Project\XO_Project\player.js
C:\Users\Danino\source\repos\XO_Project\XO_Project\player.js.map
C:\Users\Danino\source\repos\XO_Project\XO_Project\app.js
C:\Users\Danino\source\repos\XO_Project\XO_Project\app.js.map
C:\Users\Danino\source\repos\XO_Project\XO_Project\gameArray.js
C:\Users\Danino\source\repos\XO_Project\XO_Project\gameArray.js.map
C:\Users\Danino\source\repos\XO_Project\XO_Project\Iplay.js
C:\Users\Danino\source\repos\XO_Project\XO_Project\Iplay.js.map
C:\Users\Danino\source\repos\XO_Project\XO_Project\computer.js
C:\Users\Danino\source\repos\XO_Project\XO_Project\computer.js.map
C:\Users\Danino\source\repos\XO_Project\XO_Project\player.js
C:\Users\Danino\source\repos\XO_Project\XO_Project\player.js.map
C:\Users\Danino\source\repos\XO_Project\XO_Project\app.js
C:\Users\Danino\source\repos\XO_Project\XO_Project\app.js.map
C:\Users\Danino\source\repos\XO_Project\XO_Project\gameArray.js
C:\Users\Danino\source\repos\XO_Project\XO_Project\gameArray.js.map
C:\Users\Danino\source\repos\XO_Project\XO_Project\Iplay.js
C:\Users\Danino\source\repos\XO_Project\XO_Project\Iplay.js.map
C:\Users\Danino\source\repos\XO_Project\XO_Project\computer.js
C:\Users\Danino\source\repos\XO_Project\XO_Project\computer.js.map
C:\Users\Danino\source\repos\XO_Project\XO_Project\player.js
C:\Users\Danino\source\repos\XO_Project\XO_Project\player.js.map
C:\Users\Danino\source\repos\XO_Project\XO_Project\app.js
C:\Users\Danino\source\repos\XO_Project\XO_Project\app.js.map
C:\Users\Danino\source\repos\XO_Project\XO_Project\gameArray.js
C:\Users\Danino\source\repos\XO_Project\XO_Project\gameArray.js.map
C:\Users\Danino\source\repos\XO_Project\XO_Project\Iplay.js
C:\Users\Danino\source\repos\XO_Project\XO_Project\Iplay.js.map
C:\Users\Danino\source\repos\XO_Project\XO_Project\computer.js
C:\Users\Danino\source\repos\XO_Project\XO_Project\computer.js.map
C:\Users\Danino\source\repos\XO_Project\XO_Project\player.js
C:\Users\Danino\source\repos\XO_Project\XO_Project\player.js.map
C:\Users\Danino\source\repos\XO_Project\XO_Project\app.js
C:\Users\Danino\source\repos\XO_Project\XO_Project\app.js.map
C:\Users\Danino\source\repos\XO_Project\XO_Project\gameArray.js
C:\Users\Danino\source\repos\XO_Project\XO_Project\gameArray.js.map
C:\Users\Danino\source\repos\XO_Project\XO_Project\Iplay.js
C:\Users\Danino\source\repos\XO_Project\XO_Project\Iplay.js.map
C:\Users\Danino\source\repos\XO_Project\XO_Project\computer.js
C:\Users\Danino\source\repos\XO_Project\XO_Project\computer.js.map
C:\Users\Danino\source\repos\XO_Project\XO_Project\player.js
C:\Users\Danino\source\repos\XO_Project\XO_Project\player.js.map
C:\Users\Danino\source\repos\XO_Project\XO_Project\app.js
C:\Users\Danino\source\repos\XO_Project\XO_Project\app.js.map
C:\Users\Danino\source\repos\XO_Project\XO_Project\gameArray.js
C:\Users\Danino\source\repos\XO_Project\XO_Project\gameArray.js.map
C:\Users\Danino\source\repos\XO_Project\XO_Project\Iplay.js
C:\Users\Danino\source\repos\XO_Project\XO_Project\Iplay.js.map
C:\Users\Danino\source\repos\XO_Project\XO_Project\computer.js
C:\Users\Danino\source\repos\XO_Project\XO_Project\computer.js.map
C:\Users\Danino\source\repos\XO_Project\XO_Project\player.js
C:\Users\Danino\source\repos\XO_Project\XO_Project\player.js.map
C:\Users\Danino\source\repos\XO_Project\XO_Project\app.js
C:\Users\Danino\source\repos\XO_Project\XO_Project\app.js.map
C:\Users\Danino\source\repos\XO_Project\XO_Project\gameArray.js
C:\Users\Danino\source\repos\XO_Project\XO_Project\gameArray.js.map
C:\Users\Danino\source\repos\XO_Project\XO_Project\Iplay.js
C:\Users\Danino\source\repos\XO_Project\XO_Project\Iplay.js.map
C:\Users\Danino\source\repos\XO_Project\XO_Project\computer.js
C:\Users\Danino\source\repos\XO_Project\XO_Project\computer.js.map
C:\Users\Danino\source\repos\XO_Project\XO_Project\player.js
C:\Users\Danino\source\repos\XO_Project\XO_Project\player.js.map
C:\Users\Danino\source\repos\XO_Project\XO_Project\app.js
C:\Users\Danino\source\repos\XO_Project\XO_Project\app.js.map
C:\Users\Danino\source\repos\XO_Project\XO_Project\gameArray.js
C:\Users\Danino\source\repos\XO_Project\XO_Project\gameArray.js.map
C:\Users\Danino\source\repos\XO_Project\XO_Project\Iplay.js
C:\Users\Danino\source\repos\XO_Project\XO_Project\Iplay.js.map
C:\Users\Danino\source\repos\XO_Project\XO_Project\computer.js
C:\Users\Danino\source\repos\XO_Project\XO_Project\computer.js.map
C:\Users\Danino\source\repos\XO_Project\XO_Project\player.js
C:\Users\Danino\source\repos\XO_Project\XO_Project\player.js.map
C:\Users\Danino\source\repos\XO_Project\XO_Project\app.js
C:\Users\Danino\source\repos\XO_Project\XO_Project\app.js.map
C:\Users\Danino\source\repos\XO_Project\XO_Project\gameArray.js
C:\Users\Danino\source\repos\XO_Project\XO_Project\gameArray.js.map
C:\Users\Danino\source\repos\XO_Project\XO_Project\Iplay.js
C:\Users\Danino\source\repos\XO_Project\XO_Project\Iplay.js.map
C:\Users\Danino\source\repos\XO_Project\XO_Project\computer.js
C:\Users\Danino\source\repos\XO_Project\XO_Project\computer.js.map
C:\Users\Danino\source\repos\XO_Project\XO_Project\player.js
C:\Users\Danino\source\repos\XO_Project\XO_Project\player.js.map
C:\Users\Danino\source\repos\XO_Project\XO_Project\app.js
C:\Users\Danino\source\repos\XO_Project\XO_Project\app.js.map
C:\Users\Danino\source\repos\XO_Project\XO_Project\gameArray.js
C:\Users\Danino\source\repos\XO_Project\XO_Project\gameArray.js.map
C:\Users\Danino\source\repos\XO_Project\XO_Project\Iplay.js
C:\Users\Danino\source\repos\XO_Project\XO_Project\Iplay.js.map
C:\Users\Danino\source\repos\XO_Project\XO_Project\computer.js
C:\Users\Danino\source\repos\XO_Project\XO_Project\computer.js.map
C:\Users\Danino\source\repos\XO_Project\XO_Project\player.js
C:\Users\Danino\source\repos\XO_Project\XO_Project\player.js.map
C:\Users\Danino\source\repos\XO_Project\XO_Project\app.js
C:\Users\Danino\source\repos\XO_Project\XO_Project\app.js.map
C:\Users\Danino\source\repos\XO_Project\XO_Project\gameArray.js
C:\Users\Danino\source\repos\XO_Project\XO_Project\gameArray.js.map
C:\Users\Danino\source\repos\XO_Project\XO_Project\Iplay.js
C:\Users\Danino\source\repos\XO_Project\XO_Project\Iplay.js.map
C:\Users\Danino\source\repos\XO_Project\XO_Project\computer.js
C:\Users\Danino\source\repos\XO_Project\XO_Project\computer.js.map
C:\Users\Danino\source\repos\XO_Project\XO_Project\player.js
C:\Users\Danino\source\repos\XO_Project\XO_Project\player.js.map
C:\Users\Danino\source\repos\XO_Project\XO_Project\app.js
C:\Users\Danino\source\repos\XO_Project\XO_Project\app.js.map
C:\Users\Danino\source\repos\XO_Project\XO_Project\gameArray.js
C:\Users\Danino\source\repos\XO_Project\XO_Project\gameArray.js.map
C:\Users\Danino\source\repos\XO_Project\XO_Project\Iplay.js
C:\Users\Danino\source\repos\XO_Project\XO_Project\Iplay.js.map
C:\Users\Danino\source\repos\XO_Project\XO_Project\computer.js
C:\Users\Danino\source\repos\XO_Project\XO_Project\computer.js.map
C:\Users\Danino\source\repos\XO_Project\XO_Project\player.js
C:\Users\Danino\source\repos\XO_Project\XO_Project\player.js.map
C:\Users\Danino\source\repos\XO_Project\XO_Project\app.js
C:\Users\Danino\source\repos\XO_Project\XO_Project\app.js.map
C:\Users\Danino\source\repos\XO_Project\XO_Project\gameArray.js
C:\Users\Danino\source\repos\XO_Project\XO_Project\gameArray.js.map
C:\Users\Danino\source\repos\XO_Project\XO_Project\Iplay.js
C:\Users\Danino\source\repos\XO_Project\XO_Project\Iplay.js.map
C:\Users\Danino\source\repos\XO_Project\XO_Project\computer.js
C:\Users\Danino\source\repos\XO_Project\XO_Project\computer.js.map
C:\Users\Danino\source\repos\XO_Project\XO_Project\player.js
C:\Users\Danino\source\repos\XO_Project\XO_Project\player.js.map
C:\Users\Danino\source\repos\XO_Project\XO_Project\app.js
C:\Users\Danino\source\repos\XO_Project\XO_Project\app.js.map
C:\Users\Danino\source\repos\XO_Project\XO_Project\gameArray.js
C:\Users\Danino\source\repos\XO_Project\XO_Project\gameArray.js.map
C:\Users\Danino\source\repos\XO_Project\XO_Project\Iplay.js
C:\Users\Danino\source\repos\XO_Project\XO_Project\Iplay.js.map
C:\Users\Danino\source\repos\XO_Project\XO_Project\computer.js
C:\Users\Danino\source\repos\XO_Project\XO_Project\computer.js.map
C:\Users\Danino\source\repos\XO_Project\XO_Project\player.js
C:\Users\Danino\source\repos\XO_Project\XO_Project\player.js.map
C:\Users\Danino\source\repos\XO_Project\XO_Project\app.js
C:\Users\Danino\source\repos\XO_Project\XO_Project\app.js.map
C:\Users\Danino\source\repos\XO_Project\XO_Project\gameArray.js
C:\Users\Danino\source\repos\XO_Project\XO_Project\gameArray.js.map
C:\Users\Danino\source\repos\XO_Project\XO_Project\Iplay.js
C:\Users\Danino\source\repos\XO_Project\XO_Project\Iplay.js.map
C:\Users\Danino\source\repos\XO_Project\XO_Project\computer.js
C:\Users\Danino\source\repos\XO_Project\XO_Project\computer.js.map
C:\Users\Danino\source\repos\XO_Project\XO_Project\player.js
C:\Users\Danino\source\repos\XO_Project\XO_Project\player.js.map
C:\Users\Danino\source\repos\XO_Project\XO_Project\app.js
C:\Users\Danino\source\repos\XO_Project\XO_Project\app.js.map
C:\Users\Danino\source\repos\XO_Project\XO_Project\gameArray.js
C:\Users\Danino\source\repos\XO_Project\XO_Project\gameArray.js.map
C:\Users\Danino\source\repos\XO_Project\XO_Project\Iplay.js
C:\Users\Danino\source\repos\XO_Project\XO_Project\Iplay.js.map
C:\Users\Danino\source\repos\XO_Project\XO_Project\computer.js
C:\Users\Danino\source\repos\XO_Project\XO_Project\computer.js.map
C:\Users\Danino\source\repos\XO_Project\XO_Project\player.js
C:\Users\Danino\source\repos\XO_Project\XO_Project\player.js.map
C:\Users\Danino\source\repos\XO_Project\XO_Project\app.js
C:\Users\Danino\source\repos\XO_Project\XO_Project\app.js.map
C:\Users\Danino\source\repos\XO_Project\XO_Project\gameArray.js
C:\Users\Danino\source\repos\XO_Project\XO_Project\gameArray.js.map
C:\Users\Danino\source\repos\XO_Project\XO_Project\Iplay.js
C:\Users\Danino\source\repos\XO_Project\XO_Project\Iplay.js.map
C:\Users\Danino\source\repos\XO_Project\XO_Project\computer.js
C:\Users\Danino\source\repos\XO_Project\XO_Project\computer.js.map
C:\Users\Danino\source\repos\XO_Project\XO_Project\player.js
C:\Users\Danino\source\repos\XO_Project\XO_Project\player.js.map
C:\Users\Danino\source\repos\XO_Project\XO_Project\app.js
C:\Users\Danino\source\repos\XO_Project\XO_Project\app.js.map
C:\Users\Danino\source\repos\XO_Project\XO_Project\gameArray.js
C:\Users\Danino\source\repos\XO_Project\XO_Project\gameArray.js.map
C:\Users\Danino\source\repos\XO_Project\XO_Project\Iplay.js
C:\Users\Danino\source\repos\XO_Project\XO_Project\Iplay.js.map
C:\Users\Danino\source\repos\XO_Project\XO_Project\computer.js
C:\Users\Danino\source\repos\XO_Project\XO_Project\computer.js.map
C:\Users\Danino\source\repos\XO_Project\XO_Project\player.js
C:\Users\Danino\source\repos\XO_Project\XO_Project\player.js.map
C:\Users\Danino\source\repos\XO_Project\XO_Project\app.js
C:\Users\Danino\source\repos\XO_Project\XO_Project\app.js.map
C:\Users\Danino\source\repos\XO_Project\XO_Project\gameArray.js
C:\Users\Danino\source\repos\XO_Project\XO_Project\gameArray.js.map
C:\Users\Danino\source\repos\XO_Project\XO_Project\Iplay.js
C:\Users\Danino\source\repos\XO_Project\XO_Project\Iplay.js.map
C:\Users\Danino\source\repos\XO_Project\XO_Project\computer.js
C:\Users\Danino\source\repos\XO_Project\XO_Project\computer.js.map
C:\Users\Danino\source\repos\XO_Project\XO_Project\player.js
C:\Users\Danino\source\repos\XO_Project\XO_Project\player.js.map
C:\Users\Danino\source\repos\XO_Project\XO_Project\app.js
C:\Users\Danino\source\repos\XO_Project\XO_Project\app.js.map
C:\Users\Danino\source\repos\XO_Project\XO_Project\gameArray.js
C:\Users\Danino\source\repos\XO_Project\XO_Project\gameArray.js.map
C:\Users\Danino\source\repos\XO_Project\XO_Project\Iplay.js
C:\Users\Danino\source\repos\XO_Project\XO_Project\Iplay.js.map
C:\Users\Danino\source\repos\XO_Project\XO_Project\computer.js
C:\Users\Danino\source\repos\XO_Project\XO_Project\computer.js.map
C:\Users\Danino\source\repos\XO_Project\XO_Project\player.js
C:\Users\Danino\source\repos\XO_Project\XO_Project\player.js.map
C:\Users\Danino\source\repos\XO_Project\XO_Project\app.js
C:\Users\Danino\source\repos\XO_Project\XO_Project\app.js.map
C:\Users\Danino\source\repos\XO_Project\XO_Project\gameArray.js
C:\Users\Danino\source\repos\XO_Project\XO_Project\gameArray.js.map
C:\Users\Danino\source\repos\XO_Project\XO_Project\Iplay.js
C:\Users\Danino\source\repos\XO_Project\XO_Project\Iplay.js.map
C:\Users\Danino\source\repos\XO_Project\XO_Project\computer.js
C:\Users\Danino\source\repos\XO_Project\XO_Project\computer.js.map
C:\Users\Danino\source\repos\XO_Project\XO_Project\player.js
C:\Users\Danino\source\repos\XO_Project\XO_Project\player.js.map
C:\Users\Danino\source\repos\XO_Project\XO_Project\app.js
C:\Users\Danino\source\repos\XO_Project\XO_Project\app.js.map
C:\Users\Danino\source\repos\XO_Project\XO_Project\gameArray.js
C:\Users\Danino\source\repos\XO_Project\XO_Project\gameArray.js.map
C:\Users\Danino\source\repos\XO_Project\XO_Project\Iplay.js
C:\Users\Danino\source\repos\XO_Project\XO_Project\Iplay.js.map
C:\Users\Danino\source\repos\XO_Project\XO_Project\computer.js
C:\Users\Danino\source\repos\XO_Project\XO_Project\computer.js.map
C:\Users\Danino\source\repos\XO_Project\XO_Project\player.js
C:\Users\Danino\source\repos\XO_Project\XO_Project\player.js.map
C:\Users\Danino\source\repos\XO_Project\XO_Project\app.js
C:\Users\Danino\source\repos\XO_Project\XO_Project\app.js.map
C:\Users\Danino\source\repos\XO_Project\XO_Project\gameArray.js
C:\Users\Danino\source\repos\XO_Project\XO_Project\gameArray.js.map
C:\Users\Danino\source\repos\XO_Project\XO_Project\Iplay.js
C:\Users\Danino\source\repos\XO_Project\XO_Project\Iplay.js.map
C:\Users\Danino\source\repos\XO_Project\XO_Project\computer.js
C:\Users\Danino\source\repos\XO_Project\XO_Project\computer.js.map
C:\Users\Danino\source\repos\XO_Project\XO_Project\player.js
C:\Users\Danino\source\repos\XO_Project\XO_Project\player.js.map
C:\Users\Danino\source\repos\XO_Project\XO_Project\app.js
C:\Users\Danino\source\repos\XO_Project\XO_Project\app.js.map
C:\Users\Danino\source\repos\XO_Project\XO_Project\gameArray.js
C:\Users\Danino\source\repos\XO_Project\XO_Project\gameArray.js.map
C:\Users\Danino\source\repos\XO_Project\XO_Project\Iplay.js
C:\Users\Danino\source\repos\XO_Project\XO_Project\Iplay.js.map
C:\Users\Danino\source\repos\XO_Project\XO_Project\computer.js
C:\Users\Danino\source\repos\XO_Project\XO_Project\computer.js.map
C:\Users\Danino\source\repos\XO_Project\XO_Project\player.js
C:\Users\Danino\source\repos\XO_Project\XO_Project\player.js.map
C:\Users\Danino\source\repos\XO_Project\XO_Project\app.js
C:\Users\Danino\source\repos\XO_Project\XO_Project\app.js.map
C:\Users\Danino\source\repos\XO_Project\XO_Project\gameArray.js
C:\Users\Danino\source\repos\XO_Project\XO_Project\gameArray.js.map
C:\Users\Danino\source\repos\XO_Project\XO_Project\Iplay.js
C:\Users\Danino\source\repos\XO_Project\XO_Project\Iplay.js.map
C:\Users\Danino\source\repos\XO_Project\XO_Project\computer.js
C:\Users\Danino\source\repos\XO_Project\XO_Project\computer.js.map
C:\Users\Danino\source\repos\XO_Project\XO_Project\player.js
C:\Users\Danino\source\repos\XO_Project\XO_Project\player.js.map
C:\Users\Danino\source\repos\XO_Project\XO_Project\app.js
C:\Users\Danino\source\repos\XO_Project\XO_Project\app.js.map
C:\Users\Danino\source\repos\XO_Project\XO_Project\gameArray.js
C:\Users\Danino\source\repos\XO_Project\XO_Project\gameArray.js.map
C:\Users\Danino\source\repos\XO_Project\XO_Project\Iplay.js
C:\Users\Danino\source\repos\XO_Project\XO_Project\Iplay.js.map
C:\Users\Danino\source\repos\XO_Project\XO_Project\computer.js
C:\Users\Danino\source\repos\XO_Project\XO_Project\computer.js.map
C:\Users\Danino\source\repos\XO_Project\XO_Project\player.js
C:\Users\Danino\source\repos\XO_Project\XO_Project\player.js.map
C:\Users\Danino\source\repos\XO_Project\XO_Project\app.js
C:\Users\Danino\source\repos\XO_Project\XO_Project\app.js.map
C:\Users\Danino\source\repos\XO_Project\XO_Project\gameArray.js
C:\Users\Danino\source\repos\XO_Project\XO_Project\gameArray.js.map
C:\Users\Danino\source\repos\XO_Project\XO_Project\Iplay.js
C:\Users\Danino\source\repos\XO_Project\XO_Project\Iplay.js.map
C:\Users\Danino\source\repos\XO_Project\XO_Project\computer.js
C:\Users\Danino\source\repos\XO_Project\XO_Project\computer.js.map
C:\Users\Danino\source\repos\XO_Project\XO_Project\player.js
C:\Users\Danino\source\repos\XO_Project\XO_Project\player.js.map
